Determining if the pthread_create exist failed with the following output:
Change Dir: /home/jdy/project_ws/build/CMakeFiles/CMakeTmp

Run Build Command:"/usr/bin/make" "cmTC_64fd5/fast"
/usr/bin/make -f CMakeFiles/cmTC_64fd5.dir/build.make CMakeFiles/cmTC_64fd5.dir/build
make[1]: 디렉터리 '/home/jdy/project_ws/build/CMakeFiles/CMakeTmp' 들어감
Building C object CMakeFiles/cmTC_64fd5.dir/CheckSymbolExists.c.o
/usr/bin/cc     -o CMakeFiles/cmTC_64fd5.dir/CheckSymbolExists.c.o   -c /home/jdy/project_ws/build/CMakeFiles/CMakeTmp/CheckSymbolExists.c
Linking C executable cmTC_64fd5
/usr/bin/cmake -E cmake_link_script CMakeFiles/cmTC_64fd5.dir/link.txt --verbose=1
/usr/bin/cc       CMakeFiles/cmTC_64fd5.dir/CheckSymbolExists.c.o  -o cmTC_64fd5 -rdynamic 
CMakeFiles/cmTC_64fd5.dir/CheckSymbolExists.c.o: In function `main':
CheckSymbolExists.c:(.text+0xa): undefined reference to `pthread_create'
collect2: error: ld returned 1 exit status
CMakeFiles/cmTC_64fd5.dir/build.make:97: 'cmTC_64fd5' 타겟에 대한 명령이 실패했습니다
make[1]: *** [cmTC_64fd5] 오류 1
make[1]: 디렉터리 '/home/jdy/project_ws/build/CMakeFiles/CMakeTmp' 나감
Makefile:126: 'cmTC_64fd5/fast' 타겟에 대한 명령이 실패했습니다
make: *** [cmTC_64fd5/fast] 오류 2

File /home/jdy/project_ws/build/CMakeFiles/CMakeTmp/CheckSymbolExists.c:
/* */
#include <pthread.h>

int main(int argc, char** argv)
{
  (void)argv;
#ifndef pthread_create
  return ((int*)(&pthread_create))[argc];
#else
  (void)argc;
  return 0;
#endif
}

Determining if the function pthread_create exists in the pthreads failed with the following output:
Change Dir: /home/jdy/project_ws/build/CMakeFiles/CMakeTmp

Run Build Command:"/usr/bin/make" "cmTC_a0b51/fast"
/usr/bin/make -f CMakeFiles/cmTC_a0b51.dir/build.make CMakeFiles/cmTC_a0b51.dir/build
make[1]: 디렉터리 '/home/jdy/project_ws/build/CMakeFiles/CMakeTmp' 들어감
Building C object CMakeFiles/cmTC_a0b51.dir/CheckFunctionExists.c.o
/usr/bin/cc    -DCHECK_FUNCTION_EXISTS=pthread_create   -o CMakeFiles/cmTC_a0b51.dir/CheckFunctionExists.c.o   -c /usr/share/cmake-3.5/Modules/CheckFunctionExists.c
Linking C executable cmTC_a0b51
/usr/bin/cmake -E cmake_link_script CMakeFiles/cmTC_a0b51.dir/link.txt --verbose=1
/usr/bin/cc   -DCHECK_FUNCTION_EXISTS=pthread_create    CMakeFiles/cmTC_a0b51.dir/CheckFunctionExists.c.o  -o cmTC_a0b51 -rdynamic -lpthreads 
/usr/bin/ld: cannot find -lpthreads
collect2: error: ld returned 1 exit status
CMakeFiles/cmTC_a0b51.dir/build.make:97: 'cmTC_a0b51' 타겟에 대한 명령이 실패했습니다
make[1]: *** [cmTC_a0b51] 오류 1
make[1]: 디렉터리 '/home/jdy/project_ws/build/CMakeFiles/CMakeTmp' 나감
Makefile:126: 'cmTC_a0b51/fast' 타겟에 대한 명령이 실패했습니다
make: *** [cmTC_a0b51/fast] 오류 2


